Nauticle version 1.1.master
  Working directory is set to: /user_dir/hw/solid_outside
    Initial conditions: from YAML file.

  ==============================================================================
    Simulation
  ------------------------------------------------------------------------------
  ==============================================================================
    Case
  ------------------------------------------------------------------------------
  ==============================================================================
     Workspace (number of nodes: 10144)
  ------------------------------------------------------------------------------
      Constants:
         1) L = 0.2
         2) L_obj = 0.025
         3) csize = 0.005
         4) dx = 0.002
         5) h = 0.0025
         6) g = 0 | -9.81 | 0
         7) rho0 = 1000
         8) mass = 0.004
         9) rho_solid = 2000
         10) mass_solid = 0.008
         11) c = 20
         12) R = 0.005
      Variables:
         1) numparticles = 10144
         2) dt = 0.0001
         3) write_case = 0
         4) substeps = 0
         5) all_steps = 0
      Fields:
         1) id                       [1 by 1]
         2) {r}                        [3 by 1]
            Domain:
               min: 0 | 0 | -1
               max: 40 | 60 | 1
               boundary: 1 | 1 | 2
               cell size: 0.005 | 0.005 | 0.005
         3) periodic_jump            [3 by 1]
         4) gid                      [1 by 1]
         5) a                        [3 by 1]
         6) v                        [3 by 1]
         7) rho                      [1 by 1]
         8) rho_dot                  [1 by 1]
         9) p                        [1 by 1]
         10) f                        [3 by 1]
         11) rigid_body_id            [1 by 1]
  ==============================================================================
      Equations:
         1) conti: rho_dot = ((-(rho*sph_D00(v,mass,rho,Wp52220,R)))+(((0.1*c)*h)*sph_L0(rho,mass,rho,Wp52220,R)))  # true
         2) int_rho: rho = euler(rho,rho_dot,dt)  # true
         3) EOS: p = ((c^2)*(rho-rho0))  # true
         4) EOM: a = (((-((1/rho)*sph_G11(p,mass,rho,Wp52220,R)))+(0.01*sph_A(v,mass,rho,Wp52220,R)))+g)  # true
         5) vel: v = euler(v,a,dt)  # true
         6) pos: {r} = euler({r},v,dt)  # true
         7) force: f = (mass*a)  # eq(gid,0)
  ==============================================================================
    Rigid body system
  ------------------------------------------------------------------------------
      Properties:
        file: square.txt   (1 rigid body)
        velocity: v
        force: f
        mass: mass_solid
        particle theta: (identity(3)*0)
  ==============================================================================
  ==============================================================================
  ==============================================================================
    Parameter space
  ------------------------------------------------------------------------------
      Parameters:
        1) simulated_time = 0.2
        2) run_simulation = true
        3) print_interval = 0.01
        4) confirm_on_exit = false
        5) output_format = ASCII
        6) file_start = 0
        7) compile_case = false
        8) file_name_digits = 4
  ==============================================================================
  ==============================================================================
   Number of threads used: 12 (12 available)
   Starting calculation...

  ==============================================================================
                         System time: 10.04.2025 13:59
  ==============================================================================
  | N# | Time step | Substeps | All steps |  Time |  ts/s  |  Estimated Finish |
  ==============================================================================
     0   1.000e-04          0           0   0.000   000.00   10.04.2025 13:59
     1   1.000e-04        100         100   0.010   000.91   10.04.2025 14:36
     2   1.000e-04        100         200   0.020   000.97   10.04.2025 14:36
     3   1.000e-04        100         300   0.030   000.97   10.04.2025 14:36
     4   1.000e-04        100         400   0.040   000.98   10.04.2025 14:34
     5   1.000e-04        100         500   0.050   000.94   10.04.2025 14:34
     6   1.000e-04        100         600   0.060   000.98   10.04.2025 14:34
     7   1.000e-04        100         700   0.070   000.99   10.04.2025 14:34
     8   1.000e-04        100         800   0.080   000.98   10.04.2025 14:34
     9   1.000e-04        100         900   0.090   000.94   10.04.2025 14:34
    10   1.000e-04        100        1000   0.100   000.08   10.04.2025 15:10
    11   1.000e-04        100        1100   0.110   001.35   10.04.2025 15:06
    12   1.000e-04        100        1200   0.120   000.98   10.04.2025 15:04
    13   1.000e-04        100        1300   0.130   000.96   10.04.2025 15:02
    14   1.000e-04        100        1400   0.140   000.97   10.04.2025 15:00
    15   1.000e-04        100        1500   0.150   000.98   10.04.2025 14:58
    16   1.000e-04        100        1600   0.160   000.96   10.04.2025 14:58
    17   1.000e-04        100        1700   0.170   000.97   10.04.2025 14:56
    18   1.000e-04        100        1800   0.180   000.96   10.04.2025 14:53
    19   1.000e-04        100        1900   0.190   000.94   10.04.2025 14:53
    20   1.000e-04        100        2000   0.200   000.96   10.04.2025 14:51
  ==============================================================================
                         System time: 10.04.2025 14:52
  ==============================================================================

  Calculation is successfully finished.
  ==============================================================================
   Simulation summary:
     Start                       :   10.04.2025 13:59
     End                         :   10.04.2025 14:52
     Number of result files      :   21
     Number of simulation steps  :   2000
     Number of warning messages  :   0
     Log file                    :   "sim.log"
  ==============================================================================

